<?xml version="1.0" encoding="UTF-8"?>
<testsuite xmlns:xsi="http://www.w3.org/2001/XMLSchema-instance" xsi:noNamespaceSchemaLocation="https://maven.apache.org/surefire/maven-surefire-plugin/xsd/surefire-test-report.xsd" name="examples.ExamplesTest" time="9.83" tests="1" errors="0" skipped="0" failures="1">
  <properties>
[...]
</properties>
  <testcase name="testParallel" classname="examples.ExamplesTest" time="9.823">
    <failure message="match failed: EQUALS&#10;  $ | data types don&apos;t match (LIST:MAP)&#10;  [{&quot;id&quot;:1,&quot;name&quot;:&quot;Leanne Graham&quot;,&quot;username&quot;:&quot;Bret&quot;,&quot;email&quot;:&quot;Sincere@april.biz&quot;,&quot;address&quot;:{&quot;street&quot;:&quot;Kulas Light&quot;,&quot;suite&quot;:&quot;Apt. 556&quot;,&quot;city&quot;:&quot;Gwenborough&quot;,&quot;zipcode&quot;:&quot;92998-3874&quot;,&quot;geo&quot;:{&quot;lat&quot;:&quot;-37.3159&quot;,&quot;lng&quot;:&quot;81.1496&quot;}},&quot;phone&quot;:&quot;1-770-736-8031 x56442&quot;,&quot;website&quot;:&quot;hildegard.org&quot;,&quot;company&quot;:{&quot;name&quot;:&quot;Romaguera-Crona&quot;,&quot;catchPhrase&quot;:&quot;Multi-layered client-server neural-net&quot;,&quot;bs&quot;:&quot;harness real-time e-markets&quot;}},{&quot;id&quot;:2,&quot;name&quot;:&quot;Ervin Howell&quot;,&quot;username&quot;:&quot;Antonette&quot;,&quot;email&quot;:&quot;Shanna@melissa.tv&quot;,&quot;address&quot;:{&quot;street&quot;:&quot;Victor Plains&quot;,&quot;suite&quot;:&quot;Suite 879&quot;,&quot;city&quot;:&quot;Wisokyburgh&quot;,&quot;zipcode&quot;:&quot;90566-7771&quot;,&quot;geo&quot;:{&quot;lat&quot;:&quot;-43.9509&quot;,&quot;lng&quot;:&quot;-34.4618&quot;}},&quot;phone&quot;:&quot;010-692-6593 x09125&quot;,&quot;website&quot;:&quot;anastasia.net&quot;,&quot;company&quot;:{&quot;name&quot;:&quot;Deckow-Crist&quot;,&quot;catchPhrase&quot;:&quot;Proactive didactic contingency&quot;,&quot;bs&quot;:&quot;synergize scalable supply-chains&quot;}},{&quot;id&quot;:3,&quot;name&quot;:&quot;Clementine Bauch&quot;,&quot;username&quot;:&quot;Samantha&quot;,&quot;email&quot;:&quot;Nathan@yesenia.net&quot;,&quot;address&quot;:{&quot;street&quot;:&quot;Douglas Extension&quot;,&quot;suite&quot;:&quot;Suite 847&quot;,&quot;city&quot;:&quot;McKenziehaven&quot;,&quot;zipcode&quot;:&quot;59590-4157&quot;,&quot;geo&quot;:{&quot;lat&quot;:&quot;-68.6102&quot;,&quot;lng&quot;:&quot;-47.0653&quot;}},&quot;phone&quot;:&quot;1-463-123-4447&quot;,&quot;website&quot;:&quot;ramiro.info&quot;,&quot;company&quot;:{&quot;name&quot;:&quot;Romaguera-Jacobson&quot;,&quot;catchPhrase&quot;:&quot;Face to face bifurcated interface&quot;,&quot;bs&quot;:&quot;e-enable strategic applications&quot;}},{&quot;id&quot;:4,&quot;name&quot;:&quot;Patricia Lebsack&quot;,&quot;username&quot;:&quot;Karianne&quot;,&quot;email&quot;:&quot;Julianne.OConner@kory.org&quot;,&quot;address&quot;:{&quot;street&quot;:&quot;Hoeger Mall&quot;,&quot;suite&quot;:&quot;Apt. 692&quot;,&quot;city&quot;:&quot;South Elvis&quot;,&quot;zipcode&quot;:&quot;53919-4257&quot;,&quot;geo&quot;:{&quot;lat&quot;:&quot;29.4572&quot;,&quot;lng&quot;:&quot;-164.2990&quot;}},&quot;phone&quot;:&quot;493-170-9623 x156&quot;,&quot;website&quot;:&quot;kale.biz&quot;,&quot;company&quot;:{&quot;name&quot;:&quot;Robel-Corkery&quot;,&quot;catchPhrase&quot;:&quot;Multi-tiered zero tolerance productivity&quot;,&quot;bs&quot;:&quot;transition cutting-edge web services&quot;}},{&quot;id&quot;:5,&quot;name&quot;:&quot;Chelsey Dietrich&quot;,&quot;username&quot;:&quot;Kamren&quot;,&quot;email&quot;:&quot;Lucio_Hettinger@annie.ca&quot;,&quot;address&quot;:{&quot;street&quot;:&quot;Skiles Walks&quot;,&quot;suite&quot;:&quot;Suite 351&quot;,&quot;city&quot;:&quot;Roscoeview&quot;,&quot;zipcode&quot;:&quot;33263&quot;,&quot;geo&quot;:{&quot;lat&quot;:&quot;-31.8129&quot;,&quot;lng&quot;:&quot;62.5342&quot;}},&quot;phone&quot;:&quot;(254)954-1289&quot;,&quot;website&quot;:&quot;demarco.info&quot;,&quot;company&quot;:{&quot;name&quot;:&quot;Keebler LLC&quot;,&quot;catchPhrase&quot;:&quot;User-centric fault-tolerant solution&quot;,&quot;bs&quot;:&quot;revolutionize end-to-end systems&quot;}},{&quot;id&quot;:6,&quot;name&quot;:&quot;Mrs. Dennis Schulist&quot;,&quot;username&quot;:&quot;Leopoldo_Corkery&quot;,&quot;email&quot;:&quot;Karley_Dach@jasper.info&quot;,&quot;address&quot;:{&quot;street&quot;:&quot;Norberto Crossing&quot;,&quot;suite&quot;:&quot;Apt. 950&quot;,&quot;city&quot;:&quot;South Christy&quot;,&quot;zipcode&quot;:&quot;23505-1337&quot;,&quot;geo&quot;:{&quot;lat&quot;:&quot;-71.4197&quot;,&quot;lng&quot;:&quot;71.7478&quot;}},&quot;phone&quot;:&quot;1-477-935-8478 x6430&quot;,&quot;website&quot;:&quot;ola.org&quot;,&quot;company&quot;:{&quot;name&quot;:&quot;Considine-Lockman&quot;,&quot;catchPhrase&quot;:&quot;Synchronised bottom-line interface&quot;,&quot;bs&quot;:&quot;e-enable innovative applications&quot;}},{&quot;id&quot;:7,&quot;name&quot;:&quot;Kurtis Weissnat&quot;,&quot;username&quot;:&quot;Elwyn.Skiles&quot;,&quot;email&quot;:&quot;Telly.Hoeger@billy.biz&quot;,&quot;address&quot;:{&quot;street&quot;:&quot;Rex Trail&quot;,&quot;suite&quot;:&quot;Suite 280&quot;,&quot;city&quot;:&quot;Howemouth&quot;,&quot;zipcode&quot;:&quot;58804-1099&quot;,&quot;geo&quot;:{&quot;lat&quot;:&quot;24.8918&quot;,&quot;lng&quot;:&quot;21.8984&quot;}},&quot;phone&quot;:&quot;210.067.6132&quot;,&quot;website&quot;:&quot;elvis.io&quot;,&quot;company&quot;:{&quot;name&quot;:&quot;Johns Group&quot;,&quot;catchPhrase&quot;:&quot;Configurable multimedia task-force&quot;,&quot;bs&quot;:&quot;generate enterprise e-tailers&quot;}},{&quot;id&quot;:8,&quot;name&quot;:&quot;Nicholas Runolfsdottir V&quot;,&quot;username&quot;:&quot;Maxime_Nienow&quot;,&quot;email&quot;:&quot;Sherwood@rosamond.me&quot;,&quot;address&quot;:{&quot;street&quot;:&quot;Ellsworth Summit&quot;,&quot;suite&quot;:&quot;Suite 729&quot;,&quot;city&quot;:&quot;Aliyaview&quot;,&quot;zipcode&quot;:&quot;45169&quot;,&quot;geo&quot;:{&quot;lat&quot;:&quot;-14.3990&quot;,&quot;lng&quot;:&quot;-120.7677&quot;}},&quot;phone&quot;:&quot;586.493.6943 x140&quot;,&quot;website&quot;:&quot;jacynthe.com&quot;,&quot;company&quot;:{&quot;name&quot;:&quot;Abernathy Group&quot;,&quot;catchPhrase&quot;:&quot;Implemented secondary concept&quot;,&quot;bs&quot;:&quot;e-enable extensible e-tailers&quot;}},{&quot;id&quot;:9,&quot;name&quot;:&quot;Glenna Reichert&quot;,&quot;username&quot;:&quot;Delphine&quot;,&quot;email&quot;:&quot;Chaim_McDermott@dana.io&quot;,&quot;address&quot;:{&quot;street&quot;:&quot;Dayna Park&quot;,&quot;suite&quot;:&quot;Suite 449&quot;,&quot;city&quot;:&quot;Bartholomebury&quot;,&quot;zipcode&quot;:&quot;76495-3109&quot;,&quot;geo&quot;:{&quot;lat&quot;:&quot;24.6463&quot;,&quot;lng&quot;:&quot;-168.8889&quot;}},&quot;phone&quot;:&quot;(775)976-6794 x41206&quot;,&quot;website&quot;:&quot;conrad.com&quot;,&quot;company&quot;:{&quot;name&quot;:&quot;Yost and Sons&quot;,&quot;catchPhrase&quot;:&quot;Switchable contextually-based project&quot;,&quot;bs&quot;:&quot;aggregate real-time technologies&quot;}},{&quot;id&quot;:10,&quot;name&quot;:&quot;Clementina DuBuque&quot;,&quot;username&quot;:&quot;Moriah.Stanton&quot;,&quot;email&quot;:&quot;Rey.Padberg@karina.biz&quot;,&quot;address&quot;:{&quot;street&quot;:&quot;Kattie Turnpike&quot;,&quot;suite&quot;:&quot;Suite 198&quot;,&quot;city&quot;:&quot;Lebsackbury&quot;,&quot;zipcode&quot;:&quot;31428-2261&quot;,&quot;geo&quot;:{&quot;lat&quot;:&quot;-38.2386&quot;,&quot;lng&quot;:&quot;57.2232&quot;}},&quot;phone&quot;:&quot;024-648-3804&quot;,&quot;website&quot;:&quot;ambrose.net&quot;,&quot;company&quot;:{&quot;name&quot;:&quot;Hoeger LLC&quot;,&quot;catchPhrase&quot;:&quot;Centralized empowering task-force&quot;,&quot;bs&quot;:&quot;target end-to-end models&quot;}}]&#10;  {&quot;id&quot;:&quot;#notnull&quot;,&quot;name&quot;:&quot;#notnull&quot;,&quot;username&quot;:&quot;#notnull&quot;,&quot;email&quot;:&quot;#notnull&quot;}&#10;&#10;classpath:examples/users/users.feature:7 ==&gt; expected: &lt;0&gt; but was: &lt;1&gt;" type="org.opentest4j.AssertionFailedError"><![CDATA[org.opentest4j.AssertionFailedError: 
match failed: EQUALS
  $ | data types don't match (LIST:MAP)
  [{"id":1,"name":"Leanne Graham","username":"Bret","email":"Sincere@april.biz","address":{"street":"Kulas Light","suite":"Apt. 556","city":"Gwenborough","zipcode":"92998-3874","geo":{"lat":"-37.3159","lng":"81.1496"}},"phone":"1-770-736-8031 x56442","website":"hildegard.org","company":{"name":"Romaguera-Crona","catchPhrase":"Multi-layered client-server neural-net","bs":"harness real-time e-markets"}},{"id":2,"name":"Ervin Howell","username":"Antonette","email":"Shanna@melissa.tv","address":{"street":"Victor Plains","suite":"Suite 879","city":"Wisokyburgh","zipcode":"90566-7771","geo":{"lat":"-43.9509","lng":"-34.4618"}},"phone":"010-692-6593 x09125","website":"anastasia.net","company":{"name":"Deckow-Crist","catchPhrase":"Proactive didactic contingency","bs":"synergize scalable supply-chains"}},{"id":3,"name":"Clementine Bauch","username":"Samantha","email":"Nathan@yesenia.net","address":{"street":"Douglas Extension","suite":"Suite 847","city":"McKenziehaven","zipcode":"59590-4157","geo":{"lat":"-68.6102","lng":"-47.0653"}},"phone":"1-463-123-4447","website":"ramiro.info","company":{"name":"Romaguera-Jacobson","catchPhrase":"Face to face bifurcated interface","bs":"e-enable strategic applications"}},{"id":4,"name":"Patricia Lebsack","username":"Karianne","email":"Julianne.OConner@kory.org","address":{"street":"Hoeger Mall","suite":"Apt. 692","city":"South Elvis","zipcode":"53919-4257","geo":{"lat":"29.4572","lng":"-164.2990"}},"phone":"493-170-9623 x156","website":"kale.biz","company":{"name":"Robel-Corkery","catchPhrase":"Multi-tiered zero tolerance productivity","bs":"transition cutting-edge web services"}},{"id":5,"name":"Chelsey Dietrich","username":"Kamren","email":"Lucio_Hettinger@annie.ca","address":{"street":"Skiles Walks","suite":"Suite 351","city":"Roscoeview","zipcode":"33263","geo":{"lat":"-31.8129","lng":"62.5342"}},"phone":"(254)954-1289","website":"demarco.info","company":{"name":"Keebler LLC","catchPhrase":"User-centric fault-tolerant solution","bs":"revolutionize end-to-end systems"}},{"id":6,"name":"Mrs. Dennis Schulist","username":"Leopoldo_Corkery","email":"Karley_Dach@jasper.info","address":{"street":"Norberto Crossing","suite":"Apt. 950","city":"South Christy","zipcode":"23505-1337","geo":{"lat":"-71.4197","lng":"71.7478"}},"phone":"1-477-935-8478 x6430","website":"ola.org","company":{"name":"Considine-Lockman","catchPhrase":"Synchronised bottom-line interface","bs":"e-enable innovative applications"}},{"id":7,"name":"Kurtis Weissnat","username":"Elwyn.Skiles","email":"Telly.Hoeger@billy.biz","address":{"street":"Rex Trail","suite":"Suite 280","city":"Howemouth","zipcode":"58804-1099","geo":{"lat":"24.8918","lng":"21.8984"}},"phone":"210.067.6132","website":"elvis.io","company":{"name":"Johns Group","catchPhrase":"Configurable multimedia task-force","bs":"generate enterprise e-tailers"}},{"id":8,"name":"Nicholas Runolfsdottir V","username":"Maxime_Nienow","email":"Sherwood@rosamond.me","address":{"street":"Ellsworth Summit","suite":"Suite 729","city":"Aliyaview","zipcode":"45169","geo":{"lat":"-14.3990","lng":"-120.7677"}},"phone":"586.493.6943 x140","website":"jacynthe.com","company":{"name":"Abernathy Group","catchPhrase":"Implemented secondary concept","bs":"e-enable extensible e-tailers"}},{"id":9,"name":"Glenna Reichert","username":"Delphine","email":"Chaim_McDermott@dana.io","address":{"street":"Dayna Park","suite":"Suite 449","city":"Bartholomebury","zipcode":"76495-3109","geo":{"lat":"24.6463","lng":"-168.8889"}},"phone":"(775)976-6794 x41206","website":"conrad.com","company":{"name":"Yost and Sons","catchPhrase":"Switchable contextually-based project","bs":"aggregate real-time technologies"}},{"id":10,"name":"Clementina DuBuque","username":"Moriah.Stanton","email":"Rey.Padberg@karina.biz","address":{"street":"Kattie Turnpike","suite":"Suite 198","city":"Lebsackbury","zipcode":"31428-2261","geo":{"lat":"-38.2386","lng":"57.2232"}},"phone":"024-648-3804","website":"ambrose.net","company":{"name":"Hoeger LLC","catchPhrase":"Centralized empowering task-force","bs":"target end-to-end models"}}]
  {"id":"#notnull","name":"#notnull","username":"#notnull","email":"#notnull"}

classpath:examples/users/users.feature:7 ==> expected: <0> but was: <1>
	at examples.ExamplesTest.testParallel(ExamplesTest.java:15)
]]></failure>
    <system-out><![CDATA[00:09:38.331 [main] DEBUG com.intuit.karate.Suite - [config] classpath:karate-config.js
00:09:38.362 [main] INFO  com.intuit.karate.Suite - backed up existing 'target\karate-reports' dir to: target\karate-reports_1647191378357
00:09:38.389 [main] DEBUG com.intuit.karate.Suite - waiting for 2 features to complete
00:09:41.270 [pool-1-thread-1] INFO  com.intuit.karate - karate.env system property was: null 
00:09:41.270 [pool-1-thread-2] INFO  com.intuit.karate - karate.env system property was: null 
00:09:43.205 [pool-1-thread-2] DEBUG com.intuit.karate - request:
1 > GET https://jsonplaceholder.typicode.com/users
1 > Host: jsonplaceholder.typicode.com
1 > Connection: Keep-Alive
1 > User-Agent: Apache-HttpClient/4.5.13 (Java/1.8.0_202)
1 > Accept-Encoding: gzip,deflate


00:09:43.206 [pool-1-thread-1] DEBUG com.intuit.karate - request:
1 > POST https://jsonplaceholder.typicode.com/users
1 > Content-Type: application/json; charset=UTF-8
1 > Content-Length: 78
1 > Host: jsonplaceholder.typicode.com
1 > Connection: Keep-Alive
1 > User-Agent: Apache-HttpClient/4.5.13 (Java/1.8.0_202)
1 > Accept-Encoding: gzip,deflate
{"name":"Aleph QA Test","username":"aleph.test","email":"aleph.test@mail.com"}

00:09:43.652 [pool-1-thread-2] DEBUG com.intuit.karate - response time in milliseconds: 443
1 < 200
1 < Date: Sun, 13 Mar 2022 17:09:40 GMT
1 < Content-Type: application/json; charset=utf-8
1 < Transfer-Encoding: chunked
1 < Connection: keep-alive
1 < x-powered-by: Express
1 < x-ratelimit-limit: 1000
1 < x-ratelimit-remaining: 999
1 < x-ratelimit-reset: 1640934329
1 < vary: Origin, Accept-Encoding
1 < access-control-allow-credentials: true
1 < cache-control: max-age=43200
1 < pragma: no-cache
1 < expires: -1
1 < x-content-type-options: nosniff
1 < etag: W/"160d-1eMSsxeJRfnVLRBmYJSbCiJZ1qQ"
1 < via: 1.1 vegur
1 < CF-Cache-Status: HIT
1 < Age: 20376
1 < Expect-CT: max-age=604800, report-uri="https://report-uri.cloudflare.com/cdn-cgi/beacon/expect-ct"
1 < Report-To: {"endpoints":[{"url":"https:\/\/a.nel.cloudflare.com\/report\/v3?s=%2B93dvu2UAhBEUkLGy%2FT63AiXNxG2WvF8ekmr66k4rDkZ3XkC8iD1sOVX%2FH4FMawFULqvPQQIJkTASKXrQrcxr3xsfB98qHiNuvFFR68kJYCUD9ZMBmr3arWXBDuS7vuGiJIkwNCT34y%2Bco2q%2F%2BVX"}],"group":"cf-nel","max_age":604800}
1 < NEL: {"success_fraction":0,"report_to":"cf-nel","max_age":604800}
1 < Server: cloudflare
1 < CF-RAY: 6eb660ee7c8dd9a8-SIN
1 < alt-svc: h3=":443"; ma=86400, h3-29=":443"; ma=86400
[
  {
    "id": 1,
    "name": "Leanne Graham",
    "username": "Bret",
    "email": "Sincere@april.biz",
    "address": {
      "street": "Kulas Light",
      "suite": "Apt. 556",
      "city": "Gwenborough",
      "zipcode": "92998-3874",
      "geo": {
        "lat": "-37.3159",
        "lng": "81.1496"
      }
    },
    "phone": "1-770-736-8031 x56442",
    "website": "hildegard.org",
    "company": {
      "name": "Romaguera-Crona",
      "catchPhrase": "Multi-layered client-server neural-net",
      "bs": "harness real-time e-markets"
    }
  },
  {
    "id": 2,
    "name": "Ervin Howell",
    "username": "Antonette",
    "email": "Shanna@melissa.tv",
    "address": {
      "street": "Victor Plains",
      "suite": "Suite 879",
      "city": "Wisokyburgh",
      "zipcode": "90566-7771",
      "geo": {
        "lat": "-43.9509",
        "lng": "-34.4618"
      }
    },
    "phone": "010-692-6593 x09125",
    "website": "anastasia.net",
    "company": {
      "name": "Deckow-Crist",
      "catchPhrase": "Proactive didactic contingency",
      "bs": "synergize scalable supply-chains"
    }
  },
  {
    "id": 3,
    "name": "Clementine Bauch",
    "username": "Samantha",
    "email": "Nathan@yesenia.net",
    "address": {
      "street": "Douglas Extension",
      "suite": "Suite 847",
      "city": "McKenziehaven",
      "zipcode": "59590-4157",
      "geo": {
        "lat": "-68.6102",
        "lng": "-47.0653"
      }
    },
    "phone": "1-463-123-4447",
    "website": "ramiro.info",
    "company": {
      "name": "Romaguera-Jacobson",
      "catchPhrase": "Face to face bifurcated interface",
      "bs": "e-enable strategic applications"
    }
  },
  {
    "id": 4,
    "name": "Patricia Lebsack",
    "username": "Karianne",
    "email": "Julianne.OConner@kory.org",
    "address": {
      "street": "Hoeger Mall",
      "suite": "Apt. 692",
      "city": "South Elvis",
      "zipcode": "53919-4257",
      "geo": {
        "lat": "29.4572",
        "lng": "-164.2990"
      }
    },
    "phone": "493-170-9623 x156",
    "website": "kale.biz",
    "company": {
      "name": "Robel-Corkery",
      "catchPhrase": "Multi-tiered zero tolerance productivity",
      "bs": "transition cutting-edge web services"
    }
  },
  {
    "id": 5,
    "name": "Chelsey Dietrich",
    "username": "Kamren",
    "email": "Lucio_Hettinger@annie.ca",
    "address": {
      "street": "Skiles Walks",
      "suite": "Suite 351",
      "city": "Roscoeview",
      "zipcode": "33263",
      "geo": {
        "lat": "-31.8129",
        "lng": "62.5342"
      }
    },
    "phone": "(254)954-1289",
    "website": "demarco.info",
    "company": {
      "name": "Keebler LLC",
      "catchPhrase": "User-centric fault-tolerant solution",
      "bs": "revolutionize end-to-end systems"
    }
  },
  {
    "id": 6,
    "name": "Mrs. Dennis Schulist",
    "username": "Leopoldo_Corkery",
    "email": "Karley_Dach@jasper.info",
    "address": {
      "street": "Norberto Crossing",
      "suite": "Apt. 950",
      "city": "South Christy",
      "zipcode": "23505-1337",
      "geo": {
        "lat": "-71.4197",
        "lng": "71.7478"
      }
    },
    "phone": "1-477-935-8478 x6430",
    "website": "ola.org",
    "company": {
      "name": "Considine-Lockman",
      "catchPhrase": "Synchronised bottom-line interface",
      "bs": "e-enable innovative applications"
    }
  },
  {
    "id": 7,
    "name": "Kurtis Weissnat",
    "username": "Elwyn.Skiles",
    "email": "Telly.Hoeger@billy.biz",
    "address": {
      "street": "Rex Trail",
      "suite": "Suite 280",
      "city": "Howemouth",
      "zipcode": "58804-1099",
      "geo": {
        "lat": "24.8918",
        "lng": "21.8984"
      }
    },
    "phone": "210.067.6132",
    "website": "elvis.io",
    "company": {
      "name": "Johns Group",
      "catchPhrase": "Configurable multimedia task-force",
      "bs": "generate enterprise e-tailers"
    }
  },
  {
    "id": 8,
    "name": "Nicholas Runolfsdottir V",
    "username": "Maxime_Nienow",
    "email": "Sherwood@rosamond.me",
    "address": {
      "street": "Ellsworth Summit",
      "suite": "Suite 729",
      "city": "Aliyaview",
      "zipcode": "45169",
      "geo": {
        "lat": "-14.3990",
        "lng": "-120.7677"
      }
    },
    "phone": "586.493.6943 x140",
    "website": "jacynthe.com",
    "company": {
      "name": "Abernathy Group",
      "catchPhrase": "Implemented secondary concept",
      "bs": "e-enable extensible e-tailers"
    }
  },
  {
    "id": 9,
    "name": "Glenna Reichert",
    "username": "Delphine",
    "email": "Chaim_McDermott@dana.io",
    "address": {
      "street": "Dayna Park",
      "suite": "Suite 449",
      "city": "Bartholomebury",
      "zipcode": "76495-3109",
      "geo": {
        "lat": "24.6463",
        "lng": "-168.8889"
      }
    },
    "phone": "(775)976-6794 x41206",
    "website": "conrad.com",
    "company": {
      "name": "Yost and Sons",
      "catchPhrase": "Switchable contextually-based project",
      "bs": "aggregate real-time technologies"
    }
  },
  {
    "id": 10,
    "name": "Clementina DuBuque",
    "username": "Moriah.Stanton",
    "email": "Rey.Padberg@karina.biz",
    "address": {
      "street": "Kattie Turnpike",
      "suite": "Suite 198",
      "city": "Lebsackbury",
      "zipcode": "31428-2261",
      "geo": {
        "lat": "-38.2386",
        "lng": "57.2232"
      }
    },
    "phone": "024-648-3804",
    "website": "ambrose.net",
    "company": {
      "name": "Hoeger LLC",
      "catchPhrase": "Centralized empowering task-force",
      "bs": "target end-to-end models"
    }
  }
]
00:09:43.700 [pool-1-thread-2] ERROR com.intuit.karate - classpath:examples/users/users.feature:7
And match response == { id: '#notnull', name: '#notnull', username: '#notnull', email: '#notnull' }
match failed: EQUALS
  $ | data types don't match (LIST:MAP)
  [{"id":1,"name":"Leanne Graham","username":"Bret","email":"Sincere@april.biz","address":{"street":"Kulas Light","suite":"Apt. 556","city":"Gwenborough","zipcode":"92998-3874","geo":{"lat":"-37.3159","lng":"81.1496"}},"phone":"1-770-736-8031 x56442","website":"hildegard.org","company":{"name":"Romaguera-Crona","catchPhrase":"Multi-layered client-server neural-net","bs":"harness real-time e-markets"}},{"id":2,"name":"Ervin Howell","username":"Antonette","email":"Shanna@melissa.tv","address":{"street":"Victor Plains","suite":"Suite 879","city":"Wisokyburgh","zipcode":"90566-7771","geo":{"lat":"-43.9509","lng":"-34.4618"}},"phone":"010-692-6593 x09125","website":"anastasia.net","company":{"name":"Deckow-Crist","catchPhrase":"Proactive didactic contingency","bs":"synergize scalable supply-chains"}},{"id":3,"name":"Clementine Bauch","username":"Samantha","email":"Nathan@yesenia.net","address":{"street":"Douglas Extension","suite":"Suite 847","city":"McKenziehaven","zipcode":"59590-4157","geo":{"lat":"-68.6102","lng":"-47.0653"}},"phone":"1-463-123-4447","website":"ramiro.info","company":{"name":"Romaguera-Jacobson","catchPhrase":"Face to face bifurcated interface","bs":"e-enable strategic applications"}},{"id":4,"name":"Patricia Lebsack","username":"Karianne","email":"Julianne.OConner@kory.org","address":{"street":"Hoeger Mall","suite":"Apt. 692","city":"South Elvis","zipcode":"53919-4257","geo":{"lat":"29.4572","lng":"-164.2990"}},"phone":"493-170-9623 x156","website":"kale.biz","company":{"name":"Robel-Corkery","catchPhrase":"Multi-tiered zero tolerance productivity","bs":"transition cutting-edge web services"}},{"id":5,"name":"Chelsey Dietrich","username":"Kamren","email":"Lucio_Hettinger@annie.ca","address":{"street":"Skiles Walks","suite":"Suite 351","city":"Roscoeview","zipcode":"33263","geo":{"lat":"-31.8129","lng":"62.5342"}},"phone":"(254)954-1289","website":"demarco.info","company":{"name":"Keebler LLC","catchPhrase":"User-centric fault-tolerant solution","bs":"revolutionize end-to-end systems"}},{"id":6,"name":"Mrs. Dennis Schulist","username":"Leopoldo_Corkery","email":"Karley_Dach@jasper.info","address":{"street":"Norberto Crossing","suite":"Apt. 950","city":"South Christy","zipcode":"23505-1337","geo":{"lat":"-71.4197","lng":"71.7478"}},"phone":"1-477-935-8478 x6430","website":"ola.org","company":{"name":"Considine-Lockman","catchPhrase":"Synchronised bottom-line interface","bs":"e-enable innovative applications"}},{"id":7,"name":"Kurtis Weissnat","username":"Elwyn.Skiles","email":"Telly.Hoeger@billy.biz","address":{"street":"Rex Trail","suite":"Suite 280","city":"Howemouth","zipcode":"58804-1099","geo":{"lat":"24.8918","lng":"21.8984"}},"phone":"210.067.6132","website":"elvis.io","company":{"name":"Johns Group","catchPhrase":"Configurable multimedia task-force","bs":"generate enterprise e-tailers"}},{"id":8,"name":"Nicholas Runolfsdottir V","username":"Maxime_Nienow","email":"Sherwood@rosamond.me","address":{"street":"Ellsworth Summit","suite":"Suite 729","city":"Aliyaview","zipcode":"45169","geo":{"lat":"-14.3990","lng":"-120.7677"}},"phone":"586.493.6943 x140","website":"jacynthe.com","company":{"name":"Abernathy Group","catchPhrase":"Implemented secondary concept","bs":"e-enable extensible e-tailers"}},{"id":9,"name":"Glenna Reichert","username":"Delphine","email":"Chaim_McDermott@dana.io","address":{"street":"Dayna Park","suite":"Suite 449","city":"Bartholomebury","zipcode":"76495-3109","geo":{"lat":"24.6463","lng":"-168.8889"}},"phone":"(775)976-6794 x41206","website":"conrad.com","company":{"name":"Yost and Sons","catchPhrase":"Switchable contextually-based project","bs":"aggregate real-time technologies"}},{"id":10,"name":"Clementina DuBuque","username":"Moriah.Stanton","email":"Rey.Padberg@karina.biz","address":{"street":"Kattie Turnpike","suite":"Suite 198","city":"Lebsackbury","zipcode":"31428-2261","geo":{"lat":"-38.2386","lng":"57.2232"}},"phone":"024-648-3804","website":"ambrose.net","company":{"name":"Hoeger LLC","catchPhrase":"Centralized empowering task-force","bs":"target end-to-end models"}}]
  {"id":"#notnull","name":"#notnull","username":"#notnull","email":"#notnull"}

classpath:examples/users/users.feature:7
00:09:44.428 [pool-1-thread-1] DEBUG com.intuit.karate - response time in milliseconds: 1222
1 < 201
1 < Date: Sun, 13 Mar 2022 17:09:41 GMT
1 < Content-Type: application/json; charset=utf-8
1 < Content-Length: 103
1 < Connection: keep-alive
1 < X-Powered-By: Express
1 < X-Ratelimit-Limit: 1000
1 < X-Ratelimit-Remaining: 999
1 < X-Ratelimit-Reset: 1647191438
1 < Vary: Origin, X-HTTP-Method-Override, Accept-Encoding
1 < Access-Control-Allow-Credentials: true
1 < Cache-Control: no-cache
1 < Pragma: no-cache
1 < Expires: -1
1 < Access-Control-Expose-Headers: Location
1 < Location: http://jsonplaceholder.typicode.com/users/11
1 < X-Content-Type-Options: nosniff
1 < Etag: W/"67-be6k2RnL5kENiLklppaQAzUOsFI"
1 < Via: 1.1 vegur
1 < CF-Cache-Status: DYNAMIC
1 < Expect-CT: max-age=604800, report-uri="https://report-uri.cloudflare.com/cdn-cgi/beacon/expect-ct"
1 < Report-To: {"endpoints":[{"url":"https:\/\/a.nel.cloudflare.com\/report\/v3?s=sGnVAtNjK4sxUTzgirZaFakvAzp3yKJFhdxKKttajUTJflt1xXZNZ6MC5gw2ORVzdJQ9FWrZKelccti4BI8OjMcUrkeuY3rfgftDLlioU8YnDCiUijB8XBiOSRPw08O%2Fvqmn5n%2FZOaXOfhhcTQzP"}],"group":"cf-nel","max_age":604800}
1 < NEL: {"success_fraction":0,"report_to":"cf-nel","max_age":604800}
1 < Server: cloudflare
1 < CF-RAY: 6eb660ee7f318948-SIN
1 < alt-svc: h3=":443"; ma=86400, h3-29=":443"; ma=86400
{
  "name": "Aleph QA Test",
  "username": "aleph.test",
  "email": "aleph.test@mail.com",
  "id": 11
}
00:09:44.435 [pool-1-thread-1] INFO  com.intuit.karate - [print] created id is:  11 
---------------------------------------------------------
feature: classpath:examples/users/adduser.feature
scenarios:  1 | passed:  1 | failed:  0 | time: 3.0673
---------------------------------------------------------

00:09:45.694 [pool-2-thread-1] INFO  com.intuit.karate.Suite - <<pass>> feature 1 of 2 (1 remaining) classpath:examples/users/adduser.feature
---------------------------------------------------------
feature: classpath:examples/users/users.feature
scenarios:  1 | passed:  0 | failed:  1 | time: 2.3223
---------------------------------------------------------

00:09:45.829 [pool-2-thread-1] INFO  com.intuit.karate.Suite - <<fail>> feature 2 of 2 (0 remaining) classpath:examples/users/users.feature
Karate version: 1.1.0
======================================================
elapsed:   9.15 | threads:    5 | thread time: 5.39 
features:     2 | skipped:    0 | efficiency: 0.12
scenarios:    2 | passed:     1 | failed: 1
======================================================
>>> failed features:
match failed: EQUALS
  $ | data types don't match (LIST:MAP)
  [{"id":1,"name":"Leanne Graham","username":"Bret","email":"Sincere@april.biz","address":{"street":"Kulas Light","suite":"Apt. 556","city":"Gwenborough","zipcode":"92998-3874","geo":{"lat":"-37.3159","lng":"81.1496"}},"phone":"1-770-736-8031 x56442","website":"hildegard.org","company":{"name":"Romaguera-Crona","catchPhrase":"Multi-layered client-server neural-net","bs":"harness real-time e-markets"}},{"id":2,"name":"Ervin Howell","username":"Antonette","email":"Shanna@melissa.tv","address":{"street":"Victor Plains","suite":"Suite 879","city":"Wisokyburgh","zipcode":"90566-7771","geo":{"lat":"-43.9509","lng":"-34.4618"}},"phone":"010-692-6593 x09125","website":"anastasia.net","company":{"name":"Deckow-Crist","catchPhrase":"Proactive didactic contingency","bs":"synergize scalable supply-chains"}},{"id":3,"name":"Clementine Bauch","username":"Samantha","email":"Nathan@yesenia.net","address":{"street":"Douglas Extension","suite":"Suite 847","city":"McKenziehaven","zipcode":"59590-4157","geo":{"lat":"-68.6102","lng":"-47.0653"}},"phone":"1-463-123-4447","website":"ramiro.info","company":{"name":"Romaguera-Jacobson","catchPhrase":"Face to face bifurcated interface","bs":"e-enable strategic applications"}},{"id":4,"name":"Patricia Lebsack","username":"Karianne","email":"Julianne.OConner@kory.org","address":{"street":"Hoeger Mall","suite":"Apt. 692","city":"South Elvis","zipcode":"53919-4257","geo":{"lat":"29.4572","lng":"-164.2990"}},"phone":"493-170-9623 x156","website":"kale.biz","company":{"name":"Robel-Corkery","catchPhrase":"Multi-tiered zero tolerance productivity","bs":"transition cutting-edge web services"}},{"id":5,"name":"Chelsey Dietrich","username":"Kamren","email":"Lucio_Hettinger@annie.ca","address":{"street":"Skiles Walks","suite":"Suite 351","city":"Roscoeview","zipcode":"33263","geo":{"lat":"-31.8129","lng":"62.5342"}},"phone":"(254)954-1289","website":"demarco.info","company":{"name":"Keebler LLC","catchPhrase":"User-centric fault-tolerant solution","bs":"revolutionize end-to-end systems"}},{"id":6,"name":"Mrs. Dennis Schulist","username":"Leopoldo_Corkery","email":"Karley_Dach@jasper.info","address":{"street":"Norberto Crossing","suite":"Apt. 950","city":"South Christy","zipcode":"23505-1337","geo":{"lat":"-71.4197","lng":"71.7478"}},"phone":"1-477-935-8478 x6430","website":"ola.org","company":{"name":"Considine-Lockman","catchPhrase":"Synchronised bottom-line interface","bs":"e-enable innovative applications"}},{"id":7,"name":"Kurtis Weissnat","username":"Elwyn.Skiles","email":"Telly.Hoeger@billy.biz","address":{"street":"Rex Trail","suite":"Suite 280","city":"Howemouth","zipcode":"58804-1099","geo":{"lat":"24.8918","lng":"21.8984"}},"phone":"210.067.6132","website":"elvis.io","company":{"name":"Johns Group","catchPhrase":"Configurable multimedia task-force","bs":"generate enterprise e-tailers"}},{"id":8,"name":"Nicholas Runolfsdottir V","username":"Maxime_Nienow","email":"Sherwood@rosamond.me","address":{"street":"Ellsworth Summit","suite":"Suite 729","city":"Aliyaview","zipcode":"45169","geo":{"lat":"-14.3990","lng":"-120.7677"}},"phone":"586.493.6943 x140","website":"jacynthe.com","company":{"name":"Abernathy Group","catchPhrase":"Implemented secondary concept","bs":"e-enable extensible e-tailers"}},{"id":9,"name":"Glenna Reichert","username":"Delphine","email":"Chaim_McDermott@dana.io","address":{"street":"Dayna Park","suite":"Suite 449","city":"Bartholomebury","zipcode":"76495-3109","geo":{"lat":"24.6463","lng":"-168.8889"}},"phone":"(775)976-6794 x41206","website":"conrad.com","company":{"name":"Yost and Sons","catchPhrase":"Switchable contextually-based project","bs":"aggregate real-time technologies"}},{"id":10,"name":"Clementina DuBuque","username":"Moriah.Stanton","email":"Rey.Padberg@karina.biz","address":{"street":"Kattie Turnpike","suite":"Suite 198","city":"Lebsackbury","zipcode":"31428-2261","geo":{"lat":"-38.2386","lng":"57.2232"}},"phone":"024-648-3804","website":"ambrose.net","company":{"name":"Hoeger LLC","catchPhrase":"Centralized empowering task-force","bs":"target end-to-end models"}}]
  {"id":"#notnull","name":"#notnull","username":"#notnull","email":"#notnull"}

classpath:examples/users/users.feature:7
<<<

HTML report: (paste into browser to view) | Karate version: 1.1.0
file:///C:/Users/ryani/Documents/aleph-labs/myproject/target/karate-reports/karate-summary.html
===================================================================

]]></system-out>
  </testcase>
</testsuite>